   1               	# 1 "wireless/aes/aes_sbox-asm.S"
   1               	/* aes_sbox-asm.S */
   0               	
   0               	
   2               	/*
   3               	    This file is part of the AVR-Crypto-Lib.
   4               	    Copyright (C) 2006-2015 Daniel Otte (bg@nerilex.org)
   5               	
   6               	    This program is free software: you can redistribute it and/or modify
   7               	    it under the terms of the GNU General Public License as published by
   8               	    the Free Software Foundation, either version 3 of the License, or
   9               	    (at your option) any later version.
  10               	
  11               	    This program is distributed in the hope that it will be useful,
  12               	    but WITHOUT ANY WARRANTY; without even the implied warranty of
  13               	    MERCHANTABILITY or FITNESS FOR A PARTICULAR PURPOSE.  See the
  14               	    GNU General Public License for more details.
  15               	
  16               	    You should have received a copy of the GNU General Public License
  17               	    along with this program.  If not, see <http://www.gnu.org/licenses/>.
  18               	*/
  19               	/**
  20               	 * \file     aes_dec-asm.S
  21               	 * \email    bg@nerilex.org
  22               	 * \author   Daniel Otte 
  23               	 * \date     2009-01-10
  24               	 * \license  GPLv3 or later
  25               	 * 
  26               	 */
  27               	
  28               	.balign 256
  29               	.global aes_sbox
  30               	aes_sbox:
  31 0000 637C 777B 	.byte 0x63, 0x7c, 0x77, 0x7b, 0xf2, 0x6b, 0x6f, 0xc5, 0x30, 0x01, 0x67, 0x2b, 0xfe, 0xd7, 0xab, 0x7
  31      F26B 6FC5 
  31      3001 672B 
  31      FED7 AB76 
  32 0010 CA82 C97D 	.byte 0xca, 0x82, 0xc9, 0x7d, 0xfa, 0x59, 0x47, 0xf0, 0xad, 0xd4, 0xa2, 0xaf, 0x9c, 0xa4, 0x72, 0xc
  32      FA59 47F0 
  32      ADD4 A2AF 
  32      9CA4 72C0 
  33 0020 B7FD 9326 	.byte 0xb7, 0xfd, 0x93, 0x26, 0x36, 0x3f, 0xf7, 0xcc, 0x34, 0xa5, 0xe5, 0xf1, 0x71, 0xd8, 0x31, 0x1
  33      363F F7CC 
  33      34A5 E5F1 
  33      71D8 3115 
  34 0030 04C7 23C3 	.byte 0x04, 0xc7, 0x23, 0xc3, 0x18, 0x96, 0x05, 0x9a, 0x07, 0x12, 0x80, 0xe2, 0xeb, 0x27, 0xb2, 0x7
  34      1896 059A 
  34      0712 80E2 
  34      EB27 B275 
  35 0040 0983 2C1A 	.byte 0x09, 0x83, 0x2c, 0x1a, 0x1b, 0x6e, 0x5a, 0xa0, 0x52, 0x3b, 0xd6, 0xb3, 0x29, 0xe3, 0x2f, 0x8
  35      1B6E 5AA0 
  35      523B D6B3 
  35      29E3 2F84 
  36 0050 53D1 00ED 	.byte 0x53, 0xd1, 0x00, 0xed, 0x20, 0xfc, 0xb1, 0x5b, 0x6a, 0xcb, 0xbe, 0x39, 0x4a, 0x4c, 0x58, 0xc
  36      20FC B15B 
  36      6ACB BE39 
  36      4A4C 58CF 
  37 0060 D0EF AAFB 	.byte 0xd0, 0xef, 0xaa, 0xfb, 0x43, 0x4d, 0x33, 0x85, 0x45, 0xf9, 0x02, 0x7f, 0x50, 0x3c, 0x9f, 0xa
  37      434D 3385 
  37      45F9 027F 
  37      503C 9FA8 
  38 0070 51A3 408F 	.byte 0x51, 0xa3, 0x40, 0x8f, 0x92, 0x9d, 0x38, 0xf5, 0xbc, 0xb6, 0xda, 0x21, 0x10, 0xff, 0xf3, 0xd
  38      929D 38F5 
  38      BCB6 DA21 
  38      10FF F3D2 
  39 0080 CD0C 13EC 	.byte 0xcd, 0x0c, 0x13, 0xec, 0x5f, 0x97, 0x44, 0x17, 0xc4, 0xa7, 0x7e, 0x3d, 0x64, 0x5d, 0x19, 0x7
  39      5F97 4417 
  39      C4A7 7E3D 
  39      645D 1973 
  40 0090 6081 4FDC 	.byte 0x60, 0x81, 0x4f, 0xdc, 0x22, 0x2a, 0x90, 0x88, 0x46, 0xee, 0xb8, 0x14, 0xde, 0x5e, 0x0b, 0xd
  40      222A 9088 
  40      46EE B814 
  40      DE5E 0BDB 
  41 00a0 E032 3A0A 	.byte 0xe0, 0x32, 0x3a, 0x0a, 0x49, 0x06, 0x24, 0x5c, 0xc2, 0xd3, 0xac, 0x62, 0x91, 0x95, 0xe4, 0x7
  41      4906 245C 
  41      C2D3 AC62 
  41      9195 E479 
  42 00b0 E7C8 376D 	.byte 0xe7, 0xc8, 0x37, 0x6d, 0x8d, 0xd5, 0x4e, 0xa9, 0x6c, 0x56, 0xf4, 0xea, 0x65, 0x7a, 0xae, 0x0
  42      8DD5 4EA9 
  42      6C56 F4EA 
  42      657A AE08 
  43 00c0 BA78 252E 	.byte 0xba, 0x78, 0x25, 0x2e, 0x1c, 0xa6, 0xb4, 0xc6, 0xe8, 0xdd, 0x74, 0x1f, 0x4b, 0xbd, 0x8b, 0x8
  43      1CA6 B4C6 
  43      E8DD 741F 
  43      4BBD 8B8A 
  44 00d0 703E B566 	.byte 0x70, 0x3e, 0xb5, 0x66, 0x48, 0x03, 0xf6, 0x0e, 0x61, 0x35, 0x57, 0xb9, 0x86, 0xc1, 0x1d, 0x9
  44      4803 F60E 
  44      6135 57B9 
  44      86C1 1D9E 
  45 00e0 E1F8 9811 	.byte 0xe1, 0xf8, 0x98, 0x11, 0x69, 0xd9, 0x8e, 0x94, 0x9b, 0x1e, 0x87, 0xe9, 0xce, 0x55, 0x28, 0xd
  45      69D9 8E94 
  45      9B1E 87E9 
  45      CE55 28DF 
  46 00f0 8CA1 890D 	.byte 0x8c, 0xa1, 0x89, 0x0d, 0xbf, 0xe6, 0x42, 0x68, 0x41, 0x99, 0x2d, 0x0f, 0xb0, 0x54, 0xbb, 0x1
  46      BFE6 4268 
  46      4199 2D0F 
  46      B054 BB16 
DEFINED SYMBOLS
wireless/aes/aes_sbox-asm.S:30     .text:0000000000000000 aes_sbox

NO UNDEFINED SYMBOLS
